{"/Users/zhouyang/Coding/obsidian-toggl/src/utils.ts": {"path":"/Users/zhouyang/Coding/obsidian-toggl/src/utils.ts","statementMap":{"0":{"start":{"line":1,"column":29},"end":{"line":6,"column":1}},"1":{"start":{"line":2,"column":15},"end":{"line":2,"column":41}},"2":{"start":{"line":3,"column":17},"end":{"line":3,"column":58}},"3":{"start":{"line":4,"column":16},"end":{"line":4,"column":53}},"4":{"start":{"line":5,"column":1},"end":{"line":5,"column":null}},"5":{"start":{"line":1,"column":13},"end":{"line":1,"column":29}}},"fnMap":{"0":{"name":"(anonymous_0)","decl":{"start":{"line":1,"column":29},"end":{"line":1,"column":30}},"loc":{"start":{"line":1,"column":49},"end":{"line":6,"column":1}}}},"branchMap":{},"s":{"0":1,"1":11,"2":11,"3":11,"4":11,"5":1},"f":{"0":11},"b":{}}
}
