{"/Users/zhouyang/Coding/obsidian-toggl/src/utils.ts": {"path":"/Users/zhouyang/Coding/obsidian-toggl/src/utils.ts","statementMap":{"0":{"start":{"line":2,"column":0},"end":{"line":2,"column":26}},"1":{"start":{"line":3,"column":0},"end":{"line":3,"column":49}},"2":{"start":{"line":4,"column":0},"end":{"line":4,"column":28}},"3":{"start":{"line":6,"column":29},"end":{"line":13,"column":1}},"4":{"start":{"line":7,"column":16},"end":{"line":7,"column":42}},"5":{"start":{"line":8,"column":18},"end":{"line":8,"column":59}},"6":{"start":{"line":9,"column":17},"end":{"line":9,"column":54}},"7":{"start":{"line":10,"column":2},"end":{"line":12,"column":15}},"8":{"start":{"line":11,"column":16},"end":{"line":11,"column":45}},"9":{"start":{"line":6,"column":13},"end":{"line":6,"column":29}},"10":{"start":{"line":15,"column":34},"end":{"line":21,"column":1}},"11":{"start":{"line":16,"column":14},"end":{"line":16,"column":24}},"12":{"start":{"line":17,"column":23},"end":{"line":17,"column":35}},"13":{"start":{"line":19,"column":4},"end":{"line":19,"column":71}},"14":{"start":{"line":20,"column":2},"end":{"line":20,"column":53}},"15":{"start":{"line":15,"column":13},"end":{"line":15,"column":34}},"16":{"start":{"line":23,"column":27},"end":{"line":35,"column":1}},"17":{"start":{"line":30,"column":2},"end":{"line":34,"column":4}},"18":{"start":{"line":23,"column":13},"end":{"line":23,"column":27}},"19":{"start":{"line":37,"column":29},"end":{"line":39,"column":1}},"20":{"start":{"line":38,"column":2},"end":{"line":38,"column":29}},"21":{"start":{"line":37,"column":13},"end":{"line":37,"column":29}},"22":{"start":{"line":41,"column":30},"end":{"line":43,"column":1}},"23":{"start":{"line":42,"column":2},"end":{"line":42,"column":48}},"24":{"start":{"line":41,"column":13},"end":{"line":41,"column":30}},"25":{"start":{"line":45,"column":26},"end":{"line":55,"column":1}},"26":{"start":{"line":50,"column":12},"end":{"line":50,"column":30}},"27":{"start":{"line":51,"column":2},"end":{"line":53,"column":null}},"28":{"start":{"line":52,"column":4},"end":{"line":52,"column":28}},"29":{"start":{"line":54,"column":2},"end":{"line":54,"column":21}},"30":{"start":{"line":45,"column":13},"end":{"line":45,"column":26}},"31":{"start":{"line":57,"column":31},"end":{"line":59,"column":1}},"32":{"start":{"line":58,"column":2},"end":{"line":58,"column":80}},"33":{"start":{"line":57,"column":13},"end":{"line":57,"column":31}},"34":{"start":{"line":61,"column":23},"end":{"line":63,"column":1}},"35":{"start":{"line":62,"column":2},"end":{"line":62,"column":38}},"36":{"start":{"line":61,"column":13},"end":{"line":61,"column":23}}},"fnMap":{"0":{"name":"(anonymous_0)","decl":{"start":{"line":6,"column":29},"end":{"line":6,"column":30}},"loc":{"start":{"line":6,"column":49},"end":{"line":13,"column":1}}},"1":{"name":"(anonymous_1)","decl":{"start":{"line":11,"column":9},"end":{"line":11,"column":10}},"loc":{"start":{"line":11,"column":16},"end":{"line":11,"column":45}}},"2":{"name":"(anonymous_2)","decl":{"start":{"line":15,"column":34},"end":{"line":15,"column":37}},"loc":{"start":{"line":15,"column":39},"end":{"line":21,"column":1}}},"3":{"name":"(anonymous_3)","decl":{"start":{"line":23,"column":27},"end":{"line":23,"column":28}},"loc":{"start":{"line":29,"column":5},"end":{"line":35,"column":1}}},"4":{"name":"(anonymous_4)","decl":{"start":{"line":37,"column":29},"end":{"line":37,"column":30}},"loc":{"start":{"line":37,"column":50},"end":{"line":39,"column":1}}},"5":{"name":"(anonymous_5)","decl":{"start":{"line":41,"column":30},"end":{"line":41,"column":31}},"loc":{"start":{"line":41,"column":74},"end":{"line":43,"column":1}}},"6":{"name":"(anonymous_6)","decl":{"start":{"line":45,"column":26},"end":{"line":45,"column":null}},"loc":{"start":{"line":49,"column":4},"end":{"line":55,"column":1}}},"7":{"name":"(anonymous_7)","decl":{"start":{"line":57,"column":31},"end":{"line":57,"column":32}},"loc":{"start":{"line":57,"column":48},"end":{"line":59,"column":1}}},"8":{"name":"(anonymous_8)","decl":{"start":{"line":61,"column":23},"end":{"line":61,"column":24}},"loc":{"start":{"line":61,"column":47},"end":{"line":63,"column":1}}}},"branchMap":{"0":{"loc":{"start":{"line":31,"column":4},"end":{"line":33,"column":54}},"type":"binary-expr","locations":[{"start":{"line":31,"column":4},"end":{"line":31,"column":40}},{"start":{"line":32,"column":4},"end":{"line":32,"column":43}},{"start":{"line":33,"column":4},"end":{"line":33,"column":54}}]},"1":{"loc":{"start":{"line":41,"column":61},"end":{"line":41,"column":70}},"type":"default-arg","locations":[{"start":{"line":41,"column":69},"end":{"line":41,"column":70}}]},"2":{"loc":{"start":{"line":47,"column":2},"end":{"line":47,"column":18}},"type":"default-arg","locations":[{"start":{"line":47,"column":11},"end":{"line":47,"column":18}}]},"3":{"loc":{"start":{"line":48,"column":2},"end":{"line":48,"column":20}},"type":"default-arg","locations":[{"start":{"line":48,"column":16},"end":{"line":48,"column":20}}]},"4":{"loc":{"start":{"line":51,"column":2},"end":{"line":53,"column":null}},"type":"if","locations":[{"start":{"line":51,"column":2},"end":{"line":53,"column":null}}]}},"s":{"0":1,"1":1,"2":1,"3":1,"4":11,"5":11,"6":11,"7":11,"8":33,"9":1,"10":1,"11":2,"12":2,"13":2,"14":2,"15":1,"16":1,"17":1,"18":1,"19":1,"20":0,"21":1,"22":1,"23":0,"24":1,"25":1,"26":3,"27":3,"28":2,"29":1,"30":1,"31":1,"32":0,"33":1,"34":1,"35":2,"36":1},"f":{"0":11,"1":33,"2":2,"3":1,"4":0,"5":0,"6":3,"7":0,"8":2},"b":{"0":[1,1,1],"1":[0],"2":[2],"3":[3],"4":[2]}}
}
