TN:
SF:src/utils.ts
FN:3,(anonymous_0)
FN:8,(anonymous_1)
FN:12,(anonymous_2)
FN:20,(anonymous_3)
FN:34,(anonymous_4)
FN:38,(anonymous_5)
FN:42,(anonymous_6)
FN:54,(anonymous_7)
FN:58,(anonymous_8)
FNF:9
FNH:7
FNDA:11,(anonymous_0)
FNDA:33,(anonymous_1)
FNDA:2,(anonymous_2)
FNDA:1,(anonymous_3)
FNDA:0,(anonymous_4)
FNDA:0,(anonymous_5)
FNDA:3,(anonymous_6)
FNDA:1,(anonymous_7)
FNDA:2,(anonymous_8)
DA:3,1
DA:4,11
DA:5,11
DA:6,11
DA:7,11
DA:8,33
DA:12,1
DA:13,2
DA:14,2
DA:16,2
DA:17,2
DA:20,1
DA:27,1
DA:34,1
DA:35,0
DA:38,1
DA:39,0
DA:42,1
DA:47,3
DA:48,3
DA:49,2
DA:51,1
DA:54,1
DA:55,1
DA:58,1
DA:59,2
LF:26
LH:24
BRDA:28,0,0,1
BRDA:28,0,1,1
BRDA:28,0,2,1
BRDA:38,1,0,0
BRDA:44,2,0,2
BRDA:45,3,0,3
BRDA:48,4,0,2
BRF:7
BRH:6
end_of_record
TN:
SF:src/components/Button.tsx
FN:13,(anonymous_0)
FNF:1
FNH:1
FNDA:2,(anonymous_0)
DA:1,1
DA:2,1
DA:3,1
DA:4,1
DA:13,2
DA:14,2
LF:6
LH:6
BRDA:13,0,0,2
BRDA:16,1,0,2
BRDA:16,1,1,1
BRDA:19,2,0,1
BRDA:19,2,1,1
BRDA:22,3,0,1
BRDA:22,3,1,1
BRF:7
BRH:7
end_of_record
