TN:
SF:src/utils.ts
FN:4,(anonymous_0)
FN:8,(anonymous_1)
FN:12,(anonymous_2)
FN:20,(anonymous_3)
FN:24,(anonymous_4)
FN:28,(anonymous_5)
FN:32,(anonymous_6)
FNF:7
FNH:5
FNDA:11,(anonymous_0)
FNDA:33,(anonymous_1)
FNDA:2,(anonymous_2)
FNDA:1,(anonymous_3)
FNDA:0,(anonymous_4)
FNDA:0,(anonymous_5)
FNDA:3,(anonymous_6)
DA:2,1
DA:4,1
DA:5,11
DA:6,11
DA:7,11
DA:8,33
DA:12,1
DA:13,2
DA:14,2
DA:15,2
DA:16,2
DA:20,1
DA:21,1
DA:24,1
DA:25,0
DA:28,1
DA:29,0
DA:32,1
DA:33,3
DA:34,3
DA:35,2
DA:37,1
LF:22
LH:20
BRDA:21,0,0,1
BRDA:21,0,1,1
BRDA:21,0,2,1
BRDA:28,1,0,0
BRDA:32,2,0,2
BRDA:32,3,0,3
BRDA:34,4,0,2
BRF:7
BRH:6
end_of_record
